> tsc

client/src/components/StoreStatusToggle.tsx(16,42): error TS2307: Cannot find module '@/shared/schema' or its corresponding type declarations.
client/src/pages/admin/dashboard.tsx(24,34): error TS2307: Cannot find module '@/shared/schema' or its corresponding type declarations.
client/src/pages/admin/offers.tsx(106,52): error TS2322: Type '{ title: string; description: string | undefined; discountType: string; discountValue: string; minVisits: number; minOrderAmount: string | undefined; expiryDate: string | undefined; isActive: boolean; }' is not assignable to type 'Partial<{ title: string; id: string; description: string | null; shopId: string; createdAt: Date | null; isActive: boolean; discountType: string; discountValue: string; minVisits: number | null; minOrderAmount: string | null; expiryDate: Date | null; }>'.
  Types of property 'expiryDate' are incompatible.
    Type 'string | undefined' is not assignable to type 'Date | null | undefined'.
      Type 'string' is not assignable to type 'Date'.
client/src/pages/admin/offers.tsx(108,29): error TS2345: Argument of type '{ title: string; description: string | undefined; discountType: string; discountValue: string; minVisits: number; minOrderAmount: string | undefined; expiryDate: string | undefined; isActive: boolean; }' is not assignable to parameter of type 'Partial<{ title: string; id: string; description: string | null; shopId: string; createdAt: Date | null; isActive: boolean; discountType: string; discountValue: string; minVisits: number | null; minOrderAmount: string | null; expiryDate: Date | null; }>'.
  Types of property 'expiryDate' are incompatible.
    Type 'string | undefined' is not assignable to type 'Date | null | undefined'.
      Type 'string' is not assignable to type 'Date'.
client/src/pages/admin/settings.tsx(91,7): error TS2322: Type 'number' is not assignable to type 'string'.
client/src/pages/home.tsx(9,11): error TS2339: Property 'user' does not exist on type '{ isAuthenticated: boolean; role: "super_admin" | "shop_admin" | undefined; shopId: string | undefined; isLoading: boolean; isSuperAdmin: boolean; isShopAdmin: boolean; logout: UseMutateFunction<void, Error, void, unknown>; isLoggingOut: boolean; }'.
client/src/pages/landing.tsx(23,42): error TS2307: Cannot find module '@/shared/schema' or its corresponding type declarations.
client/src/pages/shop/shop-page.tsx(157,25): error TS2345: Argument of type '{ id: string; name: string; phone: string; hasConsent: true; }' is not assignable to parameter of type 'SetStateAction<CustomerInfo>'.
  Type '{ id: string; name: string; phone: string; hasConsent: true; }' is missing the following properties from type 'CustomerInfo': address, pinCode
client/src/pages/super-admin/dashboard.tsx(30,27): error TS2307: Cannot find module '@/shared/schema' or its corresponding type declarations.
client/src/pages/super-admin/dashboard.tsx(193,27): error TS2322: Type '"link"' is not assignable to type '"default" | "destructive" | "outline" | "secondary" | "ghost" | null | undefined'.
client/src/pages/super-admin/offers.tsx(189,52): error TS2322: Type '{ shopId: string; title: string; description: string | undefined; discountType: string; discountValue: string; minVisits: number; minOrderAmount: string | undefined; expiryDate: string | undefined; isActive: boolean; }' is not assignable to type 'Partial<Offer>'.
  Types of property 'expiryDate' are incompatible.
    Type 'string | undefined' is not assignable to type 'Date | null | undefined'.
      Type 'string' is not assignable to type 'Date'.
client/src/pages/super-admin/orders.tsx(160,11): error TS2322: Type 'string | undefined' is not assignable to type 'string'.
  Type 'undefined' is not assignable to type 'string'.
client/src/pages/super-admin/orders.tsx(183,11): error TS2322: Type 'string | undefined' is not assignable to type 'string'.
  Type 'undefined' is not assignable to type 'string'.
client/src/pages/super-admin/shops.tsx(40,15): error TS2459: Module '"@/components/StoreAvailabilitySettings"' declares 'AvailabilityFormData' locally, but it is not exported.
client/src/pages/super-admin/shops.tsx(535,37): error TS2322: Type 'void' is not assignable to type 'Promise<void>'.
server/routes.ts(1613,23): error TS2551: Property 'updateStoreAvailability' does not exist on type 'DatabaseStorage'. Did you mean 'getStoreAvailability'?
